<?xml version="1.0" encoding="UTF-8"?>
<testng-results ignored="0" total="1" passed="1" failed="0" skipped="0">
  <reporter-output>
  </reporter-output>
  <suite started-at="2022-09-19T14:45:30 IST" name="Suite" finished-at="2022-09-19T14:45:46 IST" duration-ms="16092">
    <groups>
    </groups>
    <test started-at="2022-09-19T14:45:30 IST" name="Test" finished-at="2022-09-19T14:45:46 IST" duration-ms="16092">
      <class name="Test.TestClass">
        <test-method signature="TestClass()[pri:0, instance:Test.TestClass@436813f3]" started-at="2022-09-19T14:45:30 IST" name="TestClass" finished-at="2022-09-19T14:45:46 IST" duration-ms="16012" status="PASS">
          <reporter-output>
          </reporter-output>
        </test-method> <!-- TestClass -->
      </class> <!-- Test.TestClass -->
    </test> <!-- Test -->
  </suite> <!-- Suite -->
</testng-results>
