<?xml version="1.0" encoding="UTF-8"?>
<testng-results ignored="0" total="1" passed="1" failed="0" skipped="0">
  <reporter-output>
  </reporter-output>
  <suite started-at="2022-09-19T04:40:15Z" name="Default suite" finished-at="2022-09-19T04:40:45Z" duration-ms="30425">
    <groups>
    </groups>
    <test started-at="2022-09-19T04:40:15Z" name="Default test" finished-at="2022-09-19T04:40:45Z" duration-ms="30425">
      <class name="Test.LoginTest">
        <test-method is-config="true" signature="report()[pri:0, instance:Test.LoginTest@1972e513]" started-at="2022-09-19T04:40:13Z" name="report" finished-at="2022-09-19T04:40:15Z" duration-ms="1372" status="PASS">
          <reporter-output>
          </reporter-output>
        </test-method> <!-- report -->
        <test-method signature="testing()[pri:0, instance:Test.LoginTest@1972e513]" started-at="2022-09-19T04:40:15Z" name="testing" finished-at="2022-09-19T04:40:45Z" duration-ms="30394" status="PASS">
          <reporter-output>
          </reporter-output>
        </test-method> <!-- testing -->
        <test-method is-config="true" signature="flushreport()[pri:0, instance:Test.LoginTest@1972e513]" started-at="2022-09-19T04:40:45Z" name="flushreport" finished-at="2022-09-19T04:40:46Z" duration-ms="611" status="PASS">
          <reporter-output>
          </reporter-output>
        </test-method> <!-- flushreport -->
      </class> <!-- Test.LoginTest -->
    </test> <!-- Default test -->
  </suite> <!-- Default suite -->
</testng-results>
